{"/Users/andrewcarey/Documents/livefront/basic-react-refresher/src/components/About/AboutPage.tsx": {"path":"/Users/andrewcarey/Documents/livefront/basic-react-refresher/src/components/About/AboutPage.tsx","statementMap":{"0":{"start":{"line":4,"column":20},"end":{"line":4,"column":258}},"1":{"start":{"line":7,"column":4},"end":{"line":12,"column":null}},"2":{"start":{"line":2,"column":0},"end":{"line":2,"column":24}}},"fnMap":{"0":{"name":"AboutPage","decl":{"start":{"line":2,"column":24},"end":{"line":2,"column":33}},"loc":{"start":{"line":2,"column":33},"end":{"line":13,"column":1}}}},"branchMap":{},"s":{"0":0,"1":0,"2":0},"f":{"0":0},"b":{}}
,"/Users/andrewcarey/Documents/livefront/basic-react-refresher/src/components/Main/Header.tsx": {"path":"/Users/andrewcarey/Documents/livefront/basic-react-refresher/src/components/Main/Header.tsx","statementMap":{"0":{"start":{"line":1,"column":0},"end":{"line":1,"column":21}},"1":{"start":{"line":5,"column":4},"end":{"line":41,"column":null}},"2":{"start":{"line":3,"column":0},"end":{"line":3,"column":24}}},"fnMap":{"0":{"name":"Header","decl":{"start":{"line":3,"column":24},"end":{"line":3,"column":30}},"loc":{"start":{"line":3,"column":30},"end":{"line":42,"column":1}}}},"branchMap":{},"s":{"0":0,"1":0,"2":0},"f":{"0":0},"b":{}}
,"/Users/andrewcarey/Documents/livefront/basic-react-refresher/src/components/Main/Stories-Container.tsx": {"path":"/Users/andrewcarey/Documents/livefront/basic-react-refresher/src/components/Main/Stories-Container.tsx","statementMap":{"0":{"start":{"line":2,"column":4},"end":{"line":4,"column":null}},"1":{"start":{"line":1,"column":0},"end":{"line":1,"column":24}}},"fnMap":{"0":{"name":"StoriesContainer","decl":{"start":{"line":1,"column":24},"end":{"line":1,"column":40}},"loc":{"start":{"line":1,"column":40},"end":{"line":5,"column":1}}}},"branchMap":{},"s":{"0":0,"1":0},"f":{"0":0},"b":{}}
,"/Users/andrewcarey/Documents/livefront/basic-react-refresher/src/components/Main/Story-Card.tsx": {"path":"/Users/andrewcarey/Documents/livefront/basic-react-refresher/src/components/Main/Story-Card.tsx","statementMap":{"0":{"start":{"line":2,"column":0},"end":{"line":2,"column":26}},"1":{"start":{"line":12,"column":4},"end":{"line":35,"column":null}},"2":{"start":{"line":24,"column":63},"end":{"line":24,"column":101}},"3":{"start":{"line":25,"column":63},"end":{"line":25,"column":101}},"4":{"start":{"line":10,"column":0},"end":{"line":10,"column":24}}},"fnMap":{"0":{"name":"StoryCard","decl":{"start":{"line":10,"column":24},"end":{"line":10,"column":33}},"loc":{"start":{"line":10,"column":46},"end":{"line":36,"column":1}}},"1":{"name":"(anonymous_1)","decl":{"start":{"line":24,"column":54},"end":{"line":24,"column":59}},"loc":{"start":{"line":24,"column":63},"end":{"line":24,"column":101}}},"2":{"name":"(anonymous_2)","decl":{"start":{"line":25,"column":54},"end":{"line":25,"column":59}},"loc":{"start":{"line":25,"column":63},"end":{"line":25,"column":101}}}},"branchMap":{"0":{"loc":{"start":{"line":13,"column":24},"end":{"line":13,"column":66}},"type":"cond-expr","locations":[{"start":{"line":13,"column":41},"end":{"line":13,"column":54}},{"start":{"line":13,"column":57},"end":{"line":13,"column":66}}]},"1":{"loc":{"start":{"line":14,"column":26},"end":{"line":14,"column":90}},"type":"cond-expr","locations":[{"start":{"line":14,"column":51},"end":{"line":14,"column":75}},{"start":{"line":14,"column":78},"end":{"line":14,"column":90}}]},"2":{"loc":{"start":{"line":22,"column":17},"end":{"line":28,"column":null}},"type":"binary-expr","locations":[{"start":{"line":22,"column":17},"end":{"line":22,"column":39}},{"start":{"line":23,"column":20},"end":{"line":28,"column":null}}]},"3":{"loc":{"start":{"line":24,"column":24},"end":{"line":26,"column":85}},"type":"cond-expr","locations":[{"start":{"line":25,"column":24},"end":{"line":25,"column":109}},{"start":{"line":26,"column":24},"end":{"line":26,"column":85}}]}},"s":{"0":0,"1":0,"2":0,"3":0,"4":0},"f":{"0":0,"1":0,"2":0},"b":{"0":[0,0],"1":[0,0],"2":[0,0],"3":[0,0]}}
,"/Users/andrewcarey/Documents/livefront/basic-react-refresher/src/components/Main/Story-Filters.tsx": {"path":"/Users/andrewcarey/Documents/livefront/basic-react-refresher/src/components/Main/Story-Filters.tsx","statementMap":{"0":{"start":{"line":2,"column":0},"end":{"line":2,"column":28}},"1":{"start":{"line":13,"column":4},"end":{"line":33,"column":null}},"2":{"start":{"line":19,"column":35},"end":{"line":19,"column":65}},"3":{"start":{"line":22,"column":20},"end":{"line":28,"column":null}},"4":{"start":{"line":26,"column":43},"end":{"line":26,"column":73}},"5":{"start":{"line":11,"column":0},"end":{"line":11,"column":24}}},"fnMap":{"0":{"name":"StoryFilters","decl":{"start":{"line":11,"column":24},"end":{"line":11,"column":36}},"loc":{"start":{"line":11,"column":49},"end":{"line":34,"column":1}}},"1":{"name":"(anonymous_1)","decl":{"start":{"line":19,"column":29},"end":{"line":19,"column":32}},"loc":{"start":{"line":19,"column":35},"end":{"line":19,"column":65}}},"2":{"name":"(anonymous_2)","decl":{"start":{"line":21,"column":34},"end":{"line":21,"column":39}},"loc":{"start":{"line":21,"column":42},"end":{"line":29,"column":17}}},"3":{"name":"(anonymous_3)","decl":{"start":{"line":26,"column":37},"end":{"line":26,"column":40}},"loc":{"start":{"line":26,"column":43},"end":{"line":26,"column":73}}}},"branchMap":{"0":{"loc":{"start":{"line":18,"column":31},"end":{"line":18,"column":113}},"type":"cond-expr","locations":[{"start":{"line":18,"column":68},"end":{"line":18,"column":97}},{"start":{"line":18,"column":100},"end":{"line":18,"column":113}}]},"1":{"loc":{"start":{"line":25,"column":39},"end":{"line":25,"column":121}},"type":"cond-expr","locations":[{"start":{"line":25,"column":76},"end":{"line":25,"column":105}},{"start":{"line":25,"column":108},"end":{"line":25,"column":121}}]}},"s":{"0":1,"1":0,"2":0,"3":0,"4":0,"5":1},"f":{"0":0,"1":0,"2":0,"3":0},"b":{"0":[0,0],"1":[0,0]}}
,"/Users/andrewcarey/Documents/livefront/basic-react-refresher/src/components/Main/Story-List.tsx": {"path":"/Users/andrewcarey/Documents/livefront/basic-react-refresher/src/components/Main/Story-List.tsx","statementMap":{"0":{"start":{"line":2,"column":0},"end":{"line":2,"column":36}},"1":{"start":{"line":3,"column":0},"end":{"line":3,"column":25}},"2":{"start":{"line":12,"column":4},"end":{"line":24,"column":null}},"3":{"start":{"line":15,"column":16},"end":{"line":21,"column":null}},"4":{"start":{"line":10,"column":0},"end":{"line":10,"column":24}}},"fnMap":{"0":{"name":"StoryList","decl":{"start":{"line":10,"column":24},"end":{"line":10,"column":33}},"loc":{"start":{"line":10,"column":46},"end":{"line":25,"column":1}}},"1":{"name":"(anonymous_1)","decl":{"start":{"line":14,"column":101},"end":{"line":14,"column":102}},"loc":{"start":{"line":14,"column":134},"end":{"line":22,"column":13}}}},"branchMap":{"0":{"loc":{"start":{"line":14,"column":13},"end":{"line":22,"column":14}},"type":"binary-expr","locations":[{"start":{"line":14,"column":13},"end":{"line":14,"column":47}},{"start":{"line":14,"column":51},"end":{"line":14,"column":77}},{"start":{"line":14,"column":81},"end":{"line":22,"column":14}}]}},"s":{"0":0,"1":0,"2":0,"3":0,"4":0},"f":{"0":0,"1":0},"b":{"0":[0,0,0]}}
,"/Users/andrewcarey/Documents/livefront/basic-react-refresher/src/components/Main/Title-Card.tsx": {"path":"/Users/andrewcarey/Documents/livefront/basic-react-refresher/src/components/Main/Title-Card.tsx","statementMap":{"0":{"start":{"line":1,"column":0},"end":{"line":1,"column":25}},"1":{"start":{"line":4,"column":4},"end":{"line":12,"column":null}},"2":{"start":{"line":3,"column":0},"end":{"line":3,"column":24}}},"fnMap":{"0":{"name":"TitleCard","decl":{"start":{"line":3,"column":24},"end":{"line":3,"column":33}},"loc":{"start":{"line":3,"column":33},"end":{"line":13,"column":1}}}},"branchMap":{},"s":{"0":0,"1":0,"2":0},"f":{"0":0},"b":{}}
}
