TN:
SF:src/components/About/AboutPage.tsx
FN:2,AboutPage
FNF:1
FNH:0
FNDA:0,AboutPage
DA:2,0
DA:4,0
DA:7,0
LF:3
LH:0
BRF:0
BRH:0
end_of_record
TN:
SF:src/components/Main/Header.tsx
FN:3,Header
FNF:1
FNH:0
FNDA:0,Header
DA:1,0
DA:3,0
DA:5,0
LF:3
LH:0
BRF:0
BRH:0
end_of_record
TN:
SF:src/components/Main/Home.tsx
FN:9,Home
FN:15,fetchStories
FN:24,setStories
FN:28,filterGenres
FN:30,(anonymous_4)
FN:33,mapGenres
FN:34,(anonymous_6)
FN:39,(anonymous_7)
FN:44,(anonymous_8)
FN:48,(anonymous_9)
FN:52,(anonymous_10)
FNF:11
FNH:0
FNDA:0,Home
FNDA:0,fetchStories
FNDA:0,setStories
FNDA:0,filterGenres
FNDA:0,(anonymous_4)
FNDA:0,mapGenres
FNDA:0,(anonymous_6)
FNDA:0,(anonymous_7)
FNDA:0,(anonymous_8)
FNDA:0,(anonymous_9)
FNDA:0,(anonymous_10)
DA:1,0
DA:2,0
DA:3,0
DA:4,0
DA:5,0
DA:6,0
DA:9,0
DA:10,0
DA:11,0
DA:12,0
DA:13,0
DA:16,0
DA:17,0
DA:18,0
DA:20,0
DA:25,0
DA:29,0
DA:30,0
DA:34,0
DA:35,0
DA:36,0
DA:39,0
DA:40,0
DA:44,0
DA:45,0
DA:48,0
DA:49,0
DA:52,0
DA:53,0
DA:56,0
LF:30
LH:0
BRDA:29,0,0,0
BRDA:29,0,1,0
BRDA:59,1,0,0
BRDA:59,1,1,0
BRF:4
BRH:0
end_of_record
TN:
SF:src/components/Main/Stories-Container.tsx
FN:1,StoriesContainer
FNF:1
FNH:0
FNDA:0,StoriesContainer
DA:1,0
DA:2,0
LF:2
LH:0
BRF:0
BRH:0
end_of_record
TN:
SF:src/components/Main/Story-Card.tsx
FN:10,StoryCard
FN:24,(anonymous_1)
FN:25,(anonymous_2)
FNF:3
FNH:0
FNDA:0,StoryCard
FNDA:0,(anonymous_1)
FNDA:0,(anonymous_2)
DA:2,0
DA:10,0
DA:12,0
DA:24,0
DA:25,0
LF:5
LH:0
BRDA:13,0,0,0
BRDA:13,0,1,0
BRDA:14,1,0,0
BRDA:14,1,1,0
BRDA:22,2,0,0
BRDA:22,2,1,0
BRDA:24,3,0,0
BRDA:24,3,1,0
BRF:8
BRH:0
end_of_record
TN:
SF:src/components/Main/Story-Detail.tsx
FN:7,StoryDetail
FN:13,(anonymous_1)
FN:17,fetchStories
FN:20,(anonymous_3)
FN:27,setStory
FNF:5
FNH:0
FNDA:0,StoryDetail
FNDA:0,(anonymous_1)
FNDA:0,fetchStories
FNDA:0,(anonymous_3)
FNDA:0,setStory
DA:1,1
DA:2,1
DA:3,1
DA:4,1
DA:7,1
DA:9,0
DA:11,0
DA:13,0
DA:14,0
DA:18,0
DA:19,0
DA:20,0
DA:22,0
DA:28,0
DA:31,0
LF:15
LH:5
BRDA:33,0,0,0
BRDA:33,0,1,0
BRDA:40,1,0,0
BRDA:40,1,1,0
BRF:4
BRH:0
end_of_record
TN:
SF:src/components/Main/Story-Filters.tsx
FN:11,StoryFilters
FN:19,(anonymous_1)
FN:21,(anonymous_2)
FN:26,(anonymous_3)
FNF:4
FNH:0
FNDA:0,StoryFilters
FNDA:0,(anonymous_1)
FNDA:0,(anonymous_2)
FNDA:0,(anonymous_3)
DA:2,1
DA:11,1
DA:13,0
DA:19,0
DA:22,0
DA:26,0
LF:6
LH:2
BRDA:18,0,0,0
BRDA:18,0,1,0
BRDA:25,1,0,0
BRDA:25,1,1,0
BRF:4
BRH:0
end_of_record
TN:
SF:src/components/Main/Story-List.tsx
FN:10,StoryList
FN:14,(anonymous_1)
FNF:2
FNH:0
FNDA:0,StoryList
FNDA:0,(anonymous_1)
DA:2,0
DA:3,0
DA:10,0
DA:12,0
DA:15,0
LF:5
LH:0
BRDA:14,0,0,0
BRDA:14,0,1,0
BRDA:14,0,2,0
BRF:3
BRH:0
end_of_record
TN:
SF:src/components/Main/Title-Card.tsx
FN:3,TitleCard
FNF:1
FNH:0
FNDA:0,TitleCard
DA:1,0
DA:3,0
DA:4,0
LF:3
LH:0
BRF:0
BRH:0
end_of_record
